{"/Users/scho/Documents/Other/Work/OtherProjects/get-ip-range/index.js": {"path":"/Users/scho/Documents/Other/Work/OtherProjects/get-ip-range/index.js","statementMap":{"0":{"start":{"line":1,"column":11},"end":{"line":1,"column":24}},"1":{"start":{"line":2,"column":18},"end":{"line":2,"column":39}},"2":{"start":{"line":4,"column":19},"end":{"line":14,"column":1}},"3":{"start":{"line":5,"column":14},"end":{"line":5,"column":16}},"4":{"start":{"line":7,"column":25},"end":{"line":7,"column":39}},"5":{"start":{"line":8,"column":26},"end":{"line":8,"column":40}},"6":{"start":{"line":10,"column":2},"end":{"line":11,"column":44}},"7":{"start":{"line":11,"column":4},"end":{"line":11,"column":44}},"8":{"start":{"line":13,"column":2},"end":{"line":13,"column":13}},"9":{"start":{"line":16,"column":19},"end":{"line":27,"column":1}},"10":{"start":{"line":17,"column":14},"end":{"line":17,"column":16}},"11":{"start":{"line":19,"column":23},"end":{"line":19,"column":50}},"12":{"start":{"line":20,"column":22},"end":{"line":20,"column":49}},"13":{"start":{"line":22,"column":2},"end":{"line":24,"column":3}},"14":{"start":{"line":22,"column":15},"end":{"line":22,"column":40}},"15":{"start":{"line":23,"column":4},"end":{"line":23,"column":65}},"16":{"start":{"line":26,"column":2},"end":{"line":26,"column":13}},"17":{"start":{"line":29,"column":15},"end":{"line":31,"column":1}},"18":{"start":{"line":30,"column":2},"end":{"line":30,"column":31}},"19":{"start":{"line":33,"column":16},"end":{"line":35,"column":1}},"20":{"start":{"line":34,"column":2},"end":{"line":34,"column":31}},"21":{"start":{"line":37,"column":16},"end":{"line":74,"column":1}},"22":{"start":{"line":38,"column":16},"end":{"line":38,"column":46}},"23":{"start":{"line":39,"column":16},"end":{"line":39,"column":46}},"24":{"start":{"line":41,"column":2},"end":{"line":71,"column":3}},"25":{"start":{"line":42,"column":18},"end":{"line":42,"column":45}},"26":{"start":{"line":43,"column":18},"end":{"line":43,"column":45}},"27":{"start":{"line":45,"column":4},"end":{"line":47,"column":5}},"28":{"start":{"line":46,"column":6},"end":{"line":46,"column":37}},"29":{"start":{"line":49,"column":4},"end":{"line":51,"column":5}},"30":{"start":{"line":50,"column":6},"end":{"line":50,"column":37}},"31":{"start":{"line":53,"column":4},"end":{"line":60,"column":5}},"32":{"start":{"line":54,"column":21},"end":{"line":54,"column":42}},"33":{"start":{"line":56,"column":27},"end":{"line":56,"column":46}},"34":{"start":{"line":57,"column":26},"end":{"line":57,"column":44}},"35":{"start":{"line":59,"column":6},"end":{"line":59,"column":51}},"36":{"start":{"line":62,"column":4},"end":{"line":65,"column":5}},"37":{"start":{"line":63,"column":19},"end":{"line":63,"column":49}},"38":{"start":{"line":64,"column":6},"end":{"line":64,"column":92}},"39":{"start":{"line":67,"column":4},"end":{"line":70,"column":5}},"40":{"start":{"line":68,"column":44},"end":{"line":68,"column":61}},"41":{"start":{"line":69,"column":6},"end":{"line":69,"column":48}},"42":{"start":{"line":73,"column":2},"end":{"line":73,"column":46}},"43":{"start":{"line":76,"column":0},"end":{"line":76,"column":25}}},"fnMap":{"0":{"name":"(anonymous_0)","decl":{"start":{"line":4,"column":19},"end":{"line":4,"column":20}},"loc":{"start":{"line":4,"column":33},"end":{"line":14,"column":1}},"line":4},"1":{"name":"(anonymous_1)","decl":{"start":{"line":16,"column":19},"end":{"line":16,"column":20}},"loc":{"start":{"line":16,"column":33},"end":{"line":27,"column":1}},"line":16},"2":{"name":"(anonymous_2)","decl":{"start":{"line":29,"column":15},"end":{"line":29,"column":16}},"loc":{"start":{"line":29,"column":21},"end":{"line":31,"column":1}},"line":29},"3":{"name":"(anonymous_3)","decl":{"start":{"line":33,"column":16},"end":{"line":33,"column":17}},"loc":{"start":{"line":33,"column":22},"end":{"line":35,"column":1}},"line":33},"4":{"name":"(anonymous_4)","decl":{"start":{"line":37,"column":16},"end":{"line":37,"column":17}},"loc":{"start":{"line":37,"column":33},"end":{"line":74,"column":1}},"line":37}},"branchMap":{"0":{"loc":{"start":{"line":41,"column":2},"end":{"line":71,"column":3}},"type":"if","locations":[{"start":{"line":41,"column":2},"end":{"line":71,"column":3}},{"start":{"line":41,"column":2},"end":{"line":71,"column":3}}],"line":41},"1":{"loc":{"start":{"line":45,"column":4},"end":{"line":47,"column":5}},"type":"if","locations":[{"start":{"line":45,"column":4},"end":{"line":47,"column":5}},{"start":{"line":45,"column":4},"end":{"line":47,"column":5}}],"line":45},"2":{"loc":{"start":{"line":45,"column":8},"end":{"line":45,"column":69}},"type":"binary-expr","locations":[{"start":{"line":45,"column":8},"end":{"line":45,"column":19}},{"start":{"line":45,"column":23},"end":{"line":45,"column":34}},{"start":{"line":45,"column":38},"end":{"line":45,"column":53}},{"start":{"line":45,"column":57},"end":{"line":45,"column":69}}],"line":45},"3":{"loc":{"start":{"line":49,"column":4},"end":{"line":51,"column":5}},"type":"if","locations":[{"start":{"line":49,"column":4},"end":{"line":51,"column":5}},{"start":{"line":49,"column":4},"end":{"line":51,"column":5}}],"line":49},"4":{"loc":{"start":{"line":49,"column":8},"end":{"line":49,"column":34}},"type":"binary-expr","locations":[{"start":{"line":49,"column":8},"end":{"line":49,"column":19}},{"start":{"line":49,"column":23},"end":{"line":49,"column":34}}],"line":49},"5":{"loc":{"start":{"line":53,"column":4},"end":{"line":60,"column":5}},"type":"if","locations":[{"start":{"line":53,"column":4},"end":{"line":60,"column":5}},{"start":{"line":53,"column":4},"end":{"line":60,"column":5}}],"line":53},"6":{"loc":{"start":{"line":62,"column":4},"end":{"line":65,"column":5}},"type":"if","locations":[{"start":{"line":62,"column":4},"end":{"line":65,"column":5}},{"start":{"line":62,"column":4},"end":{"line":65,"column":5}}],"line":62},"7":{"loc":{"start":{"line":67,"column":4},"end":{"line":70,"column":5}},"type":"if","locations":[{"start":{"line":67,"column":4},"end":{"line":70,"column":5}},{"start":{"line":67,"column":4},"end":{"line":70,"column":5}}],"line":67}},"s":{"0":1,"1":1,"2":1,"3":3,"4":3,"5":3,"6":3,"7":18,"8":3,"9":1,"10":3,"11":3,"12":3,"13":3,"14":3,"15":12,"16":3,"17":1,"18":7,"19":1,"20":4,"21":1,"22":27,"23":20,"24":20,"25":11,"26":10,"27":10,"28":2,"29":8,"30":2,"31":9,"32":4,"33":1,"34":1,"35":1,"36":5,"37":1,"38":1,"39":4,"40":2,"41":2,"42":8,"43":1},"f":{"0":3,"1":3,"2":7,"3":4,"4":27},"b":{"0":[11,9],"1":[2,8],"2":[10,6,4,3],"3":[2,6],"4":[8,2],"5":[4,5],"6":[1,4],"7":[2,2]},"_coverageSchema":"1a1c01bbd47fc00a2c39e90264f33305004495a9","hash":"3f18176b4d25c3dd0f1e7ceb6f78b8d2a8291424"}
}
