TN:
SF:index.js
FN:4,(anonymous_0)
FN:16,(anonymous_1)
FN:29,(anonymous_2)
FN:33,(anonymous_3)
FN:37,(anonymous_4)
FNF:5
FNH:5
FNDA:3,(anonymous_0)
FNDA:3,(anonymous_1)
FNDA:7,(anonymous_2)
FNDA:4,(anonymous_3)
FNDA:27,(anonymous_4)
DA:1,1
DA:2,1
DA:4,1
DA:5,3
DA:7,3
DA:8,3
DA:10,3
DA:11,18
DA:13,3
DA:16,1
DA:17,3
DA:19,3
DA:20,3
DA:22,3
DA:23,12
DA:26,3
DA:29,1
DA:30,7
DA:33,1
DA:34,4
DA:37,1
DA:38,27
DA:39,20
DA:41,20
DA:42,11
DA:43,10
DA:45,10
DA:46,2
DA:49,8
DA:50,2
DA:53,9
DA:54,4
DA:56,1
DA:57,1
DA:59,1
DA:62,5
DA:63,1
DA:64,1
DA:67,4
DA:68,2
DA:69,2
DA:73,8
DA:76,1
LF:43
LH:43
BRDA:41,0,0,11
BRDA:41,0,1,9
BRDA:45,1,0,2
BRDA:45,1,1,8
BRDA:45,2,0,10
BRDA:45,2,1,6
BRDA:45,2,2,4
BRDA:45,2,3,3
BRDA:49,3,0,2
BRDA:49,3,1,6
BRDA:49,4,0,8
BRDA:49,4,1,2
BRDA:53,5,0,4
BRDA:53,5,1,5
BRDA:62,6,0,1
BRDA:62,6,1,4
BRDA:67,7,0,2
BRDA:67,7,1,2
BRF:18
BRH:18
end_of_record
